The system is: Linux - 4.18.0-513.9.1.rt7.311.el8_9.x86_64 - x86_64
Compiling the CXX compiler identification source file "CMakeCXXCompilerId.cpp" succeeded.
Compiler: /opt/rh/gcc-toolset-11/root/usr/bin/c++ 
Build flags: 
Id flags:  

The output was:
0


Compilation of the CXX compiler identification source "CMakeCXXCompilerId.cpp" produced "a.out"

The CXX compiler identification is GNU, found in "/home/rhel/Liteon-ngKore_E/ninja/build-cmake/CMakeFiles/3.20.2/CompilerIdCXX/a.out"

Detecting CXX compiler ABI info compiled with the following output:
Change Dir: /home/rhel/Liteon-ngKore_E/ninja/build-cmake/CMakeFiles/CMakeTmp

Run Build Command(s):/opt/rh/gcc-toolset-11/root/usr/bin/gmake -f Makefile cmTC_51016/fast && /opt/rh/gcc-toolset-11/root/usr/bin/gmake  -f CMakeFiles/cmTC_51016.dir/build.make CMakeFiles/cmTC_51016.dir/build
gmake[1]: Entering directory '/home/rhel/Liteon-ngKore_E/ninja/build-cmake/CMakeFiles/CMakeTmp'
Building CXX object CMakeFiles/cmTC_51016.dir/CMakeCXXCompilerABI.cpp.o
/opt/rh/gcc-toolset-11/root/usr/bin/c++   -v -o CMakeFiles/cmTC_51016.dir/CMakeCXXCompilerABI.cpp.o -c /usr/share/cmake/Modules/CMakeCXXCompilerABI.cpp
Using built-in specs.
COLLECT_GCC=/opt/rh/gcc-toolset-11/root/usr/bin/c++
OFFLOAD_TARGET_NAMES=nvptx-none
OFFLOAD_TARGET_DEFAULT=1
Target: x86_64-redhat-linux
Configured with: ../configure --enable-bootstrap --enable-languages=c,c++,fortran,lto --prefix=/opt/rh/gcc-toolset-11/root/usr --mandir=/opt/rh/gcc-toolset-11/root/usr/share/man --infodir=/opt/rh/gcc-toolset-11/root/usr/share/info --with-bugurl=http://bugzilla.redhat.com/bugzilla --enable-shared --enable-threads=posix --enable-checking=release --enable-multilib --with-system-zlib --enable-__cxa_atexit --disable-libunwind-exceptions --enable-gnu-unique-object --enable-linker-build-id --with-gcc-major-version-only --with-linker-hash-style=gnu --enable-plugin --enable-initfini-array --with-isl=/builddir/build/BUILD/gcc-11.2.1-20220127/obj-x86_64-redhat-linux/isl-install --enable-offload-targets=nvptx-none --without-cuda-driver --enable-gnu-indirect-function --enable-cet --with-tune=generic --with-arch_32=x86-64 --build=x86_64-redhat-linux
Thread model: posix
Supported LTO compression algorithms: zlib zstd
gcc version 11.2.1 20220127 (Red Hat 11.2.1-9) (GCC) 
COLLECT_GCC_OPTIONS='-v' '-o' 'CMakeFiles/cmTC_51016.dir/CMakeCXXCompilerABI.cpp.o' '-c' '-shared-libgcc' '-mtune=generic' '-march=x86-64' '-dumpdir' 'CMakeFiles/cmTC_51016.dir/'
 /opt/rh/gcc-toolset-11/root/usr/libexec/gcc/x86_64-redhat-linux/11/cc1plus -quiet -v -D_GNU_SOURCE /usr/share/cmake/Modules/CMakeCXXCompilerABI.cpp -quiet -dumpdir CMakeFiles/cmTC_51016.dir/ -dumpbase CMakeCXXCompilerABI.cpp.cpp -dumpbase-ext .cpp -mtune=generic -march=x86-64 -version -o /tmp/ccYEvLDh.s
GNU C++17 (GCC) version 11.2.1 20220127 (Red Hat 11.2.1-9) (x86_64-redhat-linux)
	compiled by GNU C version 11.2.1 20220127 (Red Hat 11.2.1-9), GMP version 6.1.2, MPFR version 3.1.6-p2, MPC version 1.1.0, isl version isl-0.18-GMP

GGC heuristics: --param ggc-min-expand=100 --param ggc-min-heapsize=131072
ignoring nonexistent directory "/opt/rh/gcc-toolset-11/root/usr/lib/gcc/x86_64-redhat-linux/11/include-fixed"
ignoring nonexistent directory "/opt/rh/gcc-toolset-11/root/usr/lib/gcc/x86_64-redhat-linux/11/../../../../x86_64-redhat-linux/include"
#include "..." search starts here:
#include <...> search starts here:
 /opt/rh/gcc-toolset-11/root/usr/lib/gcc/x86_64-redhat-linux/11/../../../../include/c++/11
 /opt/rh/gcc-toolset-11/root/usr/lib/gcc/x86_64-redhat-linux/11/../../../../include/c++/11/x86_64-redhat-linux
 /opt/rh/gcc-toolset-11/root/usr/lib/gcc/x86_64-redhat-linux/11/../../../../include/c++/11/backward
 /opt/rh/gcc-toolset-11/root/usr/lib/gcc/x86_64-redhat-linux/11/include
 /usr/local/include
 /opt/rh/gcc-toolset-11/root/usr/include
 /usr/include
End of search list.
GNU C++17 (GCC) version 11.2.1 20220127 (Red Hat 11.2.1-9) (x86_64-redhat-linux)
	compiled by GNU C version 11.2.1 20220127 (Red Hat 11.2.1-9), GMP version 6.1.2, MPFR version 3.1.6-p2, MPC version 1.1.0, isl version isl-0.18-GMP

GGC heuristics: --param ggc-min-expand=100 --param ggc-min-heapsize=131072
Compiler executable checksum: fc7a3eb74ad623b67388959440f4c14b
COLLECT_GCC_OPTIONS='-v' '-o' 'CMakeFiles/cmTC_51016.dir/CMakeCXXCompilerABI.cpp.o' '-c' '-shared-libgcc' '-mtune=generic' '-march=x86-64' '-dumpdir' 'CMakeFiles/cmTC_51016.dir/'
 as -v --64 -o CMakeFiles/cmTC_51016.dir/CMakeCXXCompilerABI.cpp.o /tmp/ccYEvLDh.s
GNU assembler version 2.36.1 (x86_64-redhat-linux) using BFD version version 2.36.1-4.el8_6
COMPILER_PATH=/opt/rh/gcc-toolset-11/root/usr/libexec/gcc/x86_64-redhat-linux/11/:/opt/rh/gcc-toolset-11/root/usr/libexec/gcc/x86_64-redhat-linux/11/:/opt/rh/gcc-toolset-11/root/usr/libexec/gcc/x86_64-redhat-linux/:/opt/rh/gcc-toolset-11/root/usr/lib/gcc/x86_64-redhat-linux/11/:/opt/rh/gcc-toolset-11/root/usr/lib/gcc/x86_64-redhat-linux/
LIBRARY_PATH=/opt/rh/gcc-toolset-11/root/usr/lib/gcc/x86_64-redhat-linux/11/:/opt/rh/gcc-toolset-11/root/usr/lib/gcc/x86_64-redhat-linux/11/../../../../lib64/:/lib/../lib64/:/usr/lib/../lib64/:/opt/rh/gcc-toolset-11/root/usr/lib/gcc/x86_64-redhat-linux/11/../../../:/lib/:/usr/lib/
COLLECT_GCC_OPTIONS='-v' '-o' 'CMakeFiles/cmTC_51016.dir/CMakeCXXCompilerABI.cpp.o' '-c' '-shared-libgcc' '-mtune=generic' '-march=x86-64' '-dumpdir' 'CMakeFiles/cmTC_51016.dir/CMakeCXXCompilerABI.cpp.'
Linking CXX executable cmTC_51016
/usr/bin/cmake -E cmake_link_script CMakeFiles/cmTC_51016.dir/link.txt --verbose=1
/opt/rh/gcc-toolset-11/root/usr/bin/c++  -v CMakeFiles/cmTC_51016.dir/CMakeCXXCompilerABI.cpp.o -o cmTC_51016 
Using built-in specs.
COLLECT_GCC=/opt/rh/gcc-toolset-11/root/usr/bin/c++
COLLECT_LTO_WRAPPER=/opt/rh/gcc-toolset-11/root/usr/libexec/gcc/x86_64-redhat-linux/11/lto-wrapper
OFFLOAD_TARGET_NAMES=nvptx-none
OFFLOAD_TARGET_DEFAULT=1
Target: x86_64-redhat-linux
Configured with: ../configure --enable-bootstrap --enable-languages=c,c++,fortran,lto --prefix=/opt/rh/gcc-toolset-11/root/usr --mandir=/opt/rh/gcc-toolset-11/root/usr/share/man --infodir=/opt/rh/gcc-toolset-11/root/usr/share/info --with-bugurl=http://bugzilla.redhat.com/bugzilla --enable-shared --enable-threads=posix --enable-checking=release --enable-multilib --with-system-zlib --enable-__cxa_atexit --disable-libunwind-exceptions --enable-gnu-unique-object --enable-linker-build-id --with-gcc-major-version-only --with-linker-hash-style=gnu --enable-plugin --enable-initfini-array --with-isl=/builddir/build/BUILD/gcc-11.2.1-20220127/obj-x86_64-redhat-linux/isl-install --enable-offload-targets=nvptx-none --without-cuda-driver --enable-gnu-indirect-function --enable-cet --with-tune=generic --with-arch_32=x86-64 --build=x86_64-redhat-linux
Thread model: posix
Supported LTO compression algorithms: zlib zstd
gcc version 11.2.1 20220127 (Red Hat 11.2.1-9) (GCC) 
COMPILER_PATH=/opt/rh/gcc-toolset-11/root/usr/libexec/gcc/x86_64-redhat-linux/11/:/opt/rh/gcc-toolset-11/root/usr/libexec/gcc/x86_64-redhat-linux/11/:/opt/rh/gcc-toolset-11/root/usr/libexec/gcc/x86_64-redhat-linux/:/opt/rh/gcc-toolset-11/root/usr/lib/gcc/x86_64-redhat-linux/11/:/opt/rh/gcc-toolset-11/root/usr/lib/gcc/x86_64-redhat-linux/
LIBRARY_PATH=/opt/rh/gcc-toolset-11/root/usr/lib/gcc/x86_64-redhat-linux/11/:/opt/rh/gcc-toolset-11/root/usr/lib/gcc/x86_64-redhat-linux/11/../../../../lib64/:/lib/../lib64/:/usr/lib/../lib64/:/opt/rh/gcc-toolset-11/root/usr/lib/gcc/x86_64-redhat-linux/11/../../../:/lib/:/usr/lib/
COLLECT_GCC_OPTIONS='-v' '-o' 'cmTC_51016' '-shared-libgcc' '-mtune=generic' '-march=x86-64' '-dumpdir' 'cmTC_51016.'
 /opt/rh/gcc-toolset-11/root/usr/libexec/gcc/x86_64-redhat-linux/11/collect2 -plugin /opt/rh/gcc-toolset-11/root/usr/libexec/gcc/x86_64-redhat-linux/11/liblto_plugin.so -plugin-opt=/opt/rh/gcc-toolset-11/root/usr/libexec/gcc/x86_64-redhat-linux/11/lto-wrapper -plugin-opt=-fresolution=/tmp/cc23tcB1.res -plugin-opt=-pass-through=-lgcc_s -plugin-opt=-pass-through=-lgcc -plugin-opt=-pass-through=-lc -plugin-opt=-pass-through=-lgcc_s -plugin-opt=-pass-through=-lgcc --build-id --no-add-needed --eh-frame-hdr --hash-style=gnu -m elf_x86_64 -dynamic-linker /lib64/ld-linux-x86-64.so.2 -o cmTC_51016 /lib/../lib64/crt1.o /lib/../lib64/crti.o /opt/rh/gcc-toolset-11/root/usr/lib/gcc/x86_64-redhat-linux/11/crtbegin.o -L/opt/rh/gcc-toolset-11/root/usr/lib/gcc/x86_64-redhat-linux/11 -L/opt/rh/gcc-toolset-11/root/usr/lib/gcc/x86_64-redhat-linux/11/../../../../lib64 -L/lib/../lib64 -L/usr/lib/../lib64 -L/opt/rh/gcc-toolset-11/root/usr/lib/gcc/x86_64-redhat-linux/11/../../.. CMakeFiles/cmTC_51016.dir/CMakeCXXCompilerABI.cpp.o -lstdc++ -lm -lgcc_s -lgcc -lc -lgcc_s -lgcc /opt/rh/gcc-toolset-11/root/usr/lib/gcc/x86_64-redhat-linux/11/crtend.o /lib/../lib64/crtn.o
COLLECT_GCC_OPTIONS='-v' '-o' 'cmTC_51016' '-shared-libgcc' '-mtune=generic' '-march=x86-64' '-dumpdir' 'cmTC_51016.'
gmake[1]: Leaving directory '/home/rhel/Liteon-ngKore_E/ninja/build-cmake/CMakeFiles/CMakeTmp'



Parsed CXX implicit include dir info from above output: rv=done
  found start of include info
  found start of implicit include info
    add: [/opt/rh/gcc-toolset-11/root/usr/lib/gcc/x86_64-redhat-linux/11/../../../../include/c++/11]
    add: [/opt/rh/gcc-toolset-11/root/usr/lib/gcc/x86_64-redhat-linux/11/../../../../include/c++/11/x86_64-redhat-linux]
    add: [/opt/rh/gcc-toolset-11/root/usr/lib/gcc/x86_64-redhat-linux/11/../../../../include/c++/11/backward]
    add: [/opt/rh/gcc-toolset-11/root/usr/lib/gcc/x86_64-redhat-linux/11/include]
    add: [/usr/local/include]
    add: [/opt/rh/gcc-toolset-11/root/usr/include]
    add: [/usr/include]
  end of search list found
  collapse include dir [/opt/rh/gcc-toolset-11/root/usr/lib/gcc/x86_64-redhat-linux/11/../../../../include/c++/11] ==> [/opt/rh/gcc-toolset-11/root/usr/include/c++/11]
  collapse include dir [/opt/rh/gcc-toolset-11/root/usr/lib/gcc/x86_64-redhat-linux/11/../../../../include/c++/11/x86_64-redhat-linux] ==> [/opt/rh/gcc-toolset-11/root/usr/include/c++/11/x86_64-redhat-linux]
  collapse include dir [/opt/rh/gcc-toolset-11/root/usr/lib/gcc/x86_64-redhat-linux/11/../../../../include/c++/11/backward] ==> [/opt/rh/gcc-toolset-11/root/usr/include/c++/11/backward]
  collapse include dir [/opt/rh/gcc-toolset-11/root/usr/lib/gcc/x86_64-redhat-linux/11/include] ==> [/opt/rh/gcc-toolset-11/root/usr/lib/gcc/x86_64-redhat-linux/11/include]
  collapse include dir [/usr/local/include] ==> [/usr/local/include]
  collapse include dir [/opt/rh/gcc-toolset-11/root/usr/include] ==> [/opt/rh/gcc-toolset-11/root/usr/include]
  collapse include dir [/usr/include] ==> [/usr/include]
  implicit include dirs: [/opt/rh/gcc-toolset-11/root/usr/include/c++/11;/opt/rh/gcc-toolset-11/root/usr/include/c++/11/x86_64-redhat-linux;/opt/rh/gcc-toolset-11/root/usr/include/c++/11/backward;/opt/rh/gcc-toolset-11/root/usr/lib/gcc/x86_64-redhat-linux/11/include;/usr/local/include;/opt/rh/gcc-toolset-11/root/usr/include;/usr/include]


Parsed CXX implicit link information from above output:
  link line regex: [^( *|.*[/\])(ld|CMAKE_LINK_STARTFILE-NOTFOUND|([^/\]+-)?ld|collect2)[^/\]*( |$)]
  ignore line: [Change Dir: /home/rhel/Liteon-ngKore_E/ninja/build-cmake/CMakeFiles/CMakeTmp]
  ignore line: []
  ignore line: [Run Build Command(s):/opt/rh/gcc-toolset-11/root/usr/bin/gmake -f Makefile cmTC_51016/fast && /opt/rh/gcc-toolset-11/root/usr/bin/gmake  -f CMakeFiles/cmTC_51016.dir/build.make CMakeFiles/cmTC_51016.dir/build]
  ignore line: [gmake[1]: Entering directory '/home/rhel/Liteon-ngKore_E/ninja/build-cmake/CMakeFiles/CMakeTmp']
  ignore line: [Building CXX object CMakeFiles/cmTC_51016.dir/CMakeCXXCompilerABI.cpp.o]
  ignore line: [/opt/rh/gcc-toolset-11/root/usr/bin/c++   -v -o CMakeFiles/cmTC_51016.dir/CMakeCXXCompilerABI.cpp.o -c /usr/share/cmake/Modules/CMakeCXXCompilerABI.cpp]
  ignore line: [Using built-in specs.]
  ignore line: [COLLECT_GCC=/opt/rh/gcc-toolset-11/root/usr/bin/c++]
  ignore line: [OFFLOAD_TARGET_NAMES=nvptx-none]
  ignore line: [OFFLOAD_TARGET_DEFAULT=1]
  ignore line: [Target: x86_64-redhat-linux]
  ignore line: [Configured with: ../configure --enable-bootstrap --enable-languages=c c++ fortran lto --prefix=/opt/rh/gcc-toolset-11/root/usr --mandir=/opt/rh/gcc-toolset-11/root/usr/share/man --infodir=/opt/rh/gcc-toolset-11/root/usr/share/info --with-bugurl=http://bugzilla.redhat.com/bugzilla --enable-shared --enable-threads=posix --enable-checking=release --enable-multilib --with-system-zlib --enable-__cxa_atexit --disable-libunwind-exceptions --enable-gnu-unique-object --enable-linker-build-id --with-gcc-major-version-only --with-linker-hash-style=gnu --enable-plugin --enable-initfini-array --with-isl=/builddir/build/BUILD/gcc-11.2.1-20220127/obj-x86_64-redhat-linux/isl-install --enable-offload-targets=nvptx-none --without-cuda-driver --enable-gnu-indirect-function --enable-cet --with-tune=generic --with-arch_32=x86-64 --build=x86_64-redhat-linux]
  ignore line: [Thread model: posix]
  ignore line: [Supported LTO compression algorithms: zlib zstd]
  ignore line: [gcc version 11.2.1 20220127 (Red Hat 11.2.1-9) (GCC) ]
  ignore line: [COLLECT_GCC_OPTIONS='-v' '-o' 'CMakeFiles/cmTC_51016.dir/CMakeCXXCompilerABI.cpp.o' '-c' '-shared-libgcc' '-mtune=generic' '-march=x86-64' '-dumpdir' 'CMakeFiles/cmTC_51016.dir/']
  ignore line: [ /opt/rh/gcc-toolset-11/root/usr/libexec/gcc/x86_64-redhat-linux/11/cc1plus -quiet -v -D_GNU_SOURCE /usr/share/cmake/Modules/CMakeCXXCompilerABI.cpp -quiet -dumpdir CMakeFiles/cmTC_51016.dir/ -dumpbase CMakeCXXCompilerABI.cpp.cpp -dumpbase-ext .cpp -mtune=generic -march=x86-64 -version -o /tmp/ccYEvLDh.s]
  ignore line: [GNU C++17 (GCC) version 11.2.1 20220127 (Red Hat 11.2.1-9) (x86_64-redhat-linux)]
  ignore line: [	compiled by GNU C version 11.2.1 20220127 (Red Hat 11.2.1-9)  GMP version 6.1.2  MPFR version 3.1.6-p2  MPC version 1.1.0  isl version isl-0.18-GMP]
  ignore line: []
  ignore line: [GGC heuristics: --param ggc-min-expand=100 --param ggc-min-heapsize=131072]
  ignore line: [ignoring nonexistent directory "/opt/rh/gcc-toolset-11/root/usr/lib/gcc/x86_64-redhat-linux/11/include-fixed"]
  ignore line: [ignoring nonexistent directory "/opt/rh/gcc-toolset-11/root/usr/lib/gcc/x86_64-redhat-linux/11/../../../../x86_64-redhat-linux/include"]
  ignore line: [#include "..." search starts here:]
  ignore line: [#include <...> search starts here:]
  ignore line: [ /opt/rh/gcc-toolset-11/root/usr/lib/gcc/x86_64-redhat-linux/11/../../../../include/c++/11]
  ignore line: [ /opt/rh/gcc-toolset-11/root/usr/lib/gcc/x86_64-redhat-linux/11/../../../../include/c++/11/x86_64-redhat-linux]
  ignore line: [ /opt/rh/gcc-toolset-11/root/usr/lib/gcc/x86_64-redhat-linux/11/../../../../include/c++/11/backward]
  ignore line: [ /opt/rh/gcc-toolset-11/root/usr/lib/gcc/x86_64-redhat-linux/11/include]
  ignore line: [ /usr/local/include]
  ignore line: [ /opt/rh/gcc-toolset-11/root/usr/include]
  ignore line: [ /usr/include]
  ignore line: [End of search list.]
  ignore line: [GNU C++17 (GCC) version 11.2.1 20220127 (Red Hat 11.2.1-9) (x86_64-redhat-linux)]
  ignore line: [	compiled by GNU C version 11.2.1 20220127 (Red Hat 11.2.1-9)  GMP version 6.1.2  MPFR version 3.1.6-p2  MPC version 1.1.0  isl version isl-0.18-GMP]
  ignore line: []
  ignore line: [GGC heuristics: --param ggc-min-expand=100 --param ggc-min-heapsize=131072]
  ignore line: [Compiler executable checksum: fc7a3eb74ad623b67388959440f4c14b]
  ignore line: [COLLECT_GCC_OPTIONS='-v' '-o' 'CMakeFiles/cmTC_51016.dir/CMakeCXXCompilerABI.cpp.o' '-c' '-shared-libgcc' '-mtune=generic' '-march=x86-64' '-dumpdir' 'CMakeFiles/cmTC_51016.dir/']
  ignore line: [ as -v --64 -o CMakeFiles/cmTC_51016.dir/CMakeCXXCompilerABI.cpp.o /tmp/ccYEvLDh.s]
  ignore line: [GNU assembler version 2.36.1 (x86_64-redhat-linux) using BFD version version 2.36.1-4.el8_6]
  ignore line: [COMPILER_PATH=/opt/rh/gcc-toolset-11/root/usr/libexec/gcc/x86_64-redhat-linux/11/:/opt/rh/gcc-toolset-11/root/usr/libexec/gcc/x86_64-redhat-linux/11/:/opt/rh/gcc-toolset-11/root/usr/libexec/gcc/x86_64-redhat-linux/:/opt/rh/gcc-toolset-11/root/usr/lib/gcc/x86_64-redhat-linux/11/:/opt/rh/gcc-toolset-11/root/usr/lib/gcc/x86_64-redhat-linux/]
  ignore line: [LIBRARY_PATH=/opt/rh/gcc-toolset-11/root/usr/lib/gcc/x86_64-redhat-linux/11/:/opt/rh/gcc-toolset-11/root/usr/lib/gcc/x86_64-redhat-linux/11/../../../../lib64/:/lib/../lib64/:/usr/lib/../lib64/:/opt/rh/gcc-toolset-11/root/usr/lib/gcc/x86_64-redhat-linux/11/../../../:/lib/:/usr/lib/]
  ignore line: [COLLECT_GCC_OPTIONS='-v' '-o' 'CMakeFiles/cmTC_51016.dir/CMakeCXXCompilerABI.cpp.o' '-c' '-shared-libgcc' '-mtune=generic' '-march=x86-64' '-dumpdir' 'CMakeFiles/cmTC_51016.dir/CMakeCXXCompilerABI.cpp.']
  ignore line: [Linking CXX executable cmTC_51016]
  ignore line: [/usr/bin/cmake -E cmake_link_script CMakeFiles/cmTC_51016.dir/link.txt --verbose=1]
  ignore line: [/opt/rh/gcc-toolset-11/root/usr/bin/c++  -v CMakeFiles/cmTC_51016.dir/CMakeCXXCompilerABI.cpp.o -o cmTC_51016 ]
  ignore line: [Using built-in specs.]
  ignore line: [COLLECT_GCC=/opt/rh/gcc-toolset-11/root/usr/bin/c++]
  ignore line: [COLLECT_LTO_WRAPPER=/opt/rh/gcc-toolset-11/root/usr/libexec/gcc/x86_64-redhat-linux/11/lto-wrapper]
  ignore line: [OFFLOAD_TARGET_NAMES=nvptx-none]
  ignore line: [OFFLOAD_TARGET_DEFAULT=1]
  ignore line: [Target: x86_64-redhat-linux]
  ignore line: [Configured with: ../configure --enable-bootstrap --enable-languages=c c++ fortran lto --prefix=/opt/rh/gcc-toolset-11/root/usr --mandir=/opt/rh/gcc-toolset-11/root/usr/share/man --infodir=/opt/rh/gcc-toolset-11/root/usr/share/info --with-bugurl=http://bugzilla.redhat.com/bugzilla --enable-shared --enable-threads=posix --enable-checking=release --enable-multilib --with-system-zlib --enable-__cxa_atexit --disable-libunwind-exceptions --enable-gnu-unique-object --enable-linker-build-id --with-gcc-major-version-only --with-linker-hash-style=gnu --enable-plugin --enable-initfini-array --with-isl=/builddir/build/BUILD/gcc-11.2.1-20220127/obj-x86_64-redhat-linux/isl-install --enable-offload-targets=nvptx-none --without-cuda-driver --enable-gnu-indirect-function --enable-cet --with-tune=generic --with-arch_32=x86-64 --build=x86_64-redhat-linux]
  ignore line: [Thread model: posix]
  ignore line: [Supported LTO compression algorithms: zlib zstd]
  ignore line: [gcc version 11.2.1 20220127 (Red Hat 11.2.1-9) (GCC) ]
  ignore line: [COMPILER_PATH=/opt/rh/gcc-toolset-11/root/usr/libexec/gcc/x86_64-redhat-linux/11/:/opt/rh/gcc-toolset-11/root/usr/libexec/gcc/x86_64-redhat-linux/11/:/opt/rh/gcc-toolset-11/root/usr/libexec/gcc/x86_64-redhat-linux/:/opt/rh/gcc-toolset-11/root/usr/lib/gcc/x86_64-redhat-linux/11/:/opt/rh/gcc-toolset-11/root/usr/lib/gcc/x86_64-redhat-linux/]
  ignore line: [LIBRARY_PATH=/opt/rh/gcc-toolset-11/root/usr/lib/gcc/x86_64-redhat-linux/11/:/opt/rh/gcc-toolset-11/root/usr/lib/gcc/x86_64-redhat-linux/11/../../../../lib64/:/lib/../lib64/:/usr/lib/../lib64/:/opt/rh/gcc-toolset-11/root/usr/lib/gcc/x86_64-redhat-linux/11/../../../:/lib/:/usr/lib/]
  ignore line: [COLLECT_GCC_OPTIONS='-v' '-o' 'cmTC_51016' '-shared-libgcc' '-mtune=generic' '-march=x86-64' '-dumpdir' 'cmTC_51016.']
  link line: [ /opt/rh/gcc-toolset-11/root/usr/libexec/gcc/x86_64-redhat-linux/11/collect2 -plugin /opt/rh/gcc-toolset-11/root/usr/libexec/gcc/x86_64-redhat-linux/11/liblto_plugin.so -plugin-opt=/opt/rh/gcc-toolset-11/root/usr/libexec/gcc/x86_64-redhat-linux/11/lto-wrapper -plugin-opt=-fresolution=/tmp/cc23tcB1.res -plugin-opt=-pass-through=-lgcc_s -plugin-opt=-pass-through=-lgcc -plugin-opt=-pass-through=-lc -plugin-opt=-pass-through=-lgcc_s -plugin-opt=-pass-through=-lgcc --build-id --no-add-needed --eh-frame-hdr --hash-style=gnu -m elf_x86_64 -dynamic-linker /lib64/ld-linux-x86-64.so.2 -o cmTC_51016 /lib/../lib64/crt1.o /lib/../lib64/crti.o /opt/rh/gcc-toolset-11/root/usr/lib/gcc/x86_64-redhat-linux/11/crtbegin.o -L/opt/rh/gcc-toolset-11/root/usr/lib/gcc/x86_64-redhat-linux/11 -L/opt/rh/gcc-toolset-11/root/usr/lib/gcc/x86_64-redhat-linux/11/../../../../lib64 -L/lib/../lib64 -L/usr/lib/../lib64 -L/opt/rh/gcc-toolset-11/root/usr/lib/gcc/x86_64-redhat-linux/11/../../.. CMakeFiles/cmTC_51016.dir/CMakeCXXCompilerABI.cpp.o -lstdc++ -lm -lgcc_s -lgcc -lc -lgcc_s -lgcc /opt/rh/gcc-toolset-11/root/usr/lib/gcc/x86_64-redhat-linux/11/crtend.o /lib/../lib64/crtn.o]
    arg [/opt/rh/gcc-toolset-11/root/usr/libexec/gcc/x86_64-redhat-linux/11/collect2] ==> ignore
    arg [-plugin] ==> ignore
    arg [/opt/rh/gcc-toolset-11/root/usr/libexec/gcc/x86_64-redhat-linux/11/liblto_plugin.so] ==> ignore
    arg [-plugin-opt=/opt/rh/gcc-toolset-11/root/usr/libexec/gcc/x86_64-redhat-linux/11/lto-wrapper] ==> ignore
    arg [-plugin-opt=-fresolution=/tmp/cc23tcB1.res] ==> ignore
    arg [-plugin-opt=-pass-through=-lgcc_s] ==> ignore
    arg [-plugin-opt=-pass-through=-lgcc] ==> ignore
    arg [-plugin-opt=-pass-through=-lc] ==> ignore
    arg [-plugin-opt=-pass-through=-lgcc_s] ==> ignore
    arg [-plugin-opt=-pass-through=-lgcc] ==> ignore
    arg [--build-id] ==> ignore
    arg [--no-add-needed] ==> ignore
    arg [--eh-frame-hdr] ==> ignore
    arg [--hash-style=gnu] ==> ignore
    arg [-m] ==> ignore
    arg [elf_x86_64] ==> ignore
    arg [-dynamic-linker] ==> ignore
    arg [/lib64/ld-linux-x86-64.so.2] ==> ignore
    arg [-o] ==> ignore
    arg [cmTC_51016] ==> ignore
    arg [/lib/../lib64/crt1.o] ==> obj [/lib/../lib64/crt1.o]
    arg [/lib/../lib64/crti.o] ==> obj [/lib/../lib64/crti.o]
    arg [/opt/rh/gcc-toolset-11/root/usr/lib/gcc/x86_64-redhat-linux/11/crtbegin.o] ==> obj [/opt/rh/gcc-toolset-11/root/usr/lib/gcc/x86_64-redhat-linux/11/crtbegin.o]
    arg [-L/opt/rh/gcc-toolset-11/root/usr/lib/gcc/x86_64-redhat-linux/11] ==> dir [/opt/rh/gcc-toolset-11/root/usr/lib/gcc/x86_64-redhat-linux/11]
    arg [-L/opt/rh/gcc-toolset-11/root/usr/lib/gcc/x86_64-redhat-linux/11/../../../../lib64] ==> dir [/opt/rh/gcc-toolset-11/root/usr/lib/gcc/x86_64-redhat-linux/11/../../../../lib64]
    arg [-L/lib/../lib64] ==> dir [/lib/../lib64]
    arg [-L/usr/lib/../lib64] ==> dir [/usr/lib/../lib64]
    arg [-L/opt/rh/gcc-toolset-11/root/usr/lib/gcc/x86_64-redhat-linux/11/../../..] ==> dir [/opt/rh/gcc-toolset-11/root/usr/lib/gcc/x86_64-redhat-linux/11/../../..]
    arg [CMakeFiles/cmTC_51016.dir/CMakeCXXCompilerABI.cpp.o] ==> ignore
    arg [-lstdc++] ==> lib [stdc++]
    arg [-lm] ==> lib [m]
    arg [-lgcc_s] ==> lib [gcc_s]
    arg [-lgcc] ==> lib [gcc]
    arg [-lc] ==> lib [c]
    arg [-lgcc_s] ==> lib [gcc_s]
    arg [-lgcc] ==> lib [gcc]
    arg [/opt/rh/gcc-toolset-11/root/usr/lib/gcc/x86_64-redhat-linux/11/crtend.o] ==> obj [/opt/rh/gcc-toolset-11/root/usr/lib/gcc/x86_64-redhat-linux/11/crtend.o]
    arg [/lib/../lib64/crtn.o] ==> obj [/lib/../lib64/crtn.o]
  collapse obj [/lib/../lib64/crt1.o] ==> [/lib64/crt1.o]
  collapse obj [/lib/../lib64/crti.o] ==> [/lib64/crti.o]
  collapse obj [/lib/../lib64/crtn.o] ==> [/lib64/crtn.o]
  collapse library dir [/opt/rh/gcc-toolset-11/root/usr/lib/gcc/x86_64-redhat-linux/11] ==> [/opt/rh/gcc-toolset-11/root/usr/lib/gcc/x86_64-redhat-linux/11]
  collapse library dir [/opt/rh/gcc-toolset-11/root/usr/lib/gcc/x86_64-redhat-linux/11/../../../../lib64] ==> [/opt/rh/gcc-toolset-11/root/usr/lib64]
  collapse library dir [/lib/../lib64] ==> [/lib64]
  collapse library dir [/usr/lib/../lib64] ==> [/usr/lib64]
  collapse library dir [/opt/rh/gcc-toolset-11/root/usr/lib/gcc/x86_64-redhat-linux/11/../../..] ==> [/opt/rh/gcc-toolset-11/root/usr/lib]
  implicit libs: [stdc++;m;gcc_s;gcc;c;gcc_s;gcc]
  implicit objs: [/lib64/crt1.o;/lib64/crti.o;/opt/rh/gcc-toolset-11/root/usr/lib/gcc/x86_64-redhat-linux/11/crtbegin.o;/opt/rh/gcc-toolset-11/root/usr/lib/gcc/x86_64-redhat-linux/11/crtend.o;/lib64/crtn.o]
  implicit dirs: [/opt/rh/gcc-toolset-11/root/usr/lib/gcc/x86_64-redhat-linux/11;/opt/rh/gcc-toolset-11/root/usr/lib64;/lib64;/usr/lib64;/opt/rh/gcc-toolset-11/root/usr/lib]
  implicit fwks: []


Performing C++ SOURCE FILE Test flag_no_deprecated succeeded with the following output:
Change Dir: /home/rhel/Liteon-ngKore_E/ninja/build-cmake/CMakeFiles/CMakeTmp

Run Build Command(s):/opt/rh/gcc-toolset-11/root/usr/bin/gmake -f Makefile cmTC_3633a/fast && /opt/rh/gcc-toolset-11/root/usr/bin/gmake  -f CMakeFiles/cmTC_3633a.dir/build.make CMakeFiles/cmTC_3633a.dir/build
gmake[1]: Entering directory '/home/rhel/Liteon-ngKore_E/ninja/build-cmake/CMakeFiles/CMakeTmp'
Building CXX object CMakeFiles/cmTC_3633a.dir/src.cxx.o
/opt/rh/gcc-toolset-11/root/usr/bin/c++ -Dflag_no_deprecated  -Wno-deprecated -o CMakeFiles/cmTC_3633a.dir/src.cxx.o -c /home/rhel/Liteon-ngKore_E/ninja/build-cmake/CMakeFiles/CMakeTmp/src.cxx
Linking CXX executable cmTC_3633a
/usr/bin/cmake -E cmake_link_script CMakeFiles/cmTC_3633a.dir/link.txt --verbose=1
/opt/rh/gcc-toolset-11/root/usr/bin/c++ CMakeFiles/cmTC_3633a.dir/src.cxx.o -o cmTC_3633a 
gmake[1]: Leaving directory '/home/rhel/Liteon-ngKore_E/ninja/build-cmake/CMakeFiles/CMakeTmp'


Source file was:
int main() { return 0; }
Performing C++ SOURCE FILE Test flag_color_diag succeeded with the following output:
Change Dir: /home/rhel/Liteon-ngKore_E/ninja/build-cmake/CMakeFiles/CMakeTmp

Run Build Command(s):/opt/rh/gcc-toolset-11/root/usr/bin/gmake -f Makefile cmTC_88e53/fast && /opt/rh/gcc-toolset-11/root/usr/bin/gmake  -f CMakeFiles/cmTC_88e53.dir/build.make CMakeFiles/cmTC_88e53.dir/build
gmake[1]: Entering directory '/home/rhel/Liteon-ngKore_E/ninja/build-cmake/CMakeFiles/CMakeTmp'
Building CXX object CMakeFiles/cmTC_88e53.dir/src.cxx.o
/opt/rh/gcc-toolset-11/root/usr/bin/c++ -Dflag_color_diag  -fdiagnostics-color -o CMakeFiles/cmTC_88e53.dir/src.cxx.o -c /home/rhel/Liteon-ngKore_E/ninja/build-cmake/CMakeFiles/CMakeTmp/src.cxx
Linking CXX executable cmTC_88e53
/usr/bin/cmake -E cmake_link_script CMakeFiles/cmTC_88e53.dir/link.txt --verbose=1
/opt/rh/gcc-toolset-11/root/usr/bin/c++ CMakeFiles/cmTC_88e53.dir/src.cxx.o -o cmTC_88e53 
gmake[1]: Leaving directory '/home/rhel/Liteon-ngKore_E/ninja/build-cmake/CMakeFiles/CMakeTmp'


Source file was:
int main() { return 0; }
Determining if the ppoll exist passed with the following output:
Change Dir: /home/rhel/Liteon-ngKore_E/ninja/build-cmake/CMakeFiles/CMakeTmp

Run Build Command(s):/opt/rh/gcc-toolset-11/root/usr/bin/gmake -f Makefile cmTC_6275f/fast && /opt/rh/gcc-toolset-11/root/usr/bin/gmake  -f CMakeFiles/cmTC_6275f.dir/build.make CMakeFiles/cmTC_6275f.dir/build
gmake[1]: Entering directory '/home/rhel/Liteon-ngKore_E/ninja/build-cmake/CMakeFiles/CMakeTmp'
Building CXX object CMakeFiles/cmTC_6275f.dir/CheckSymbolExists.cxx.o
/opt/rh/gcc-toolset-11/root/usr/bin/c++    -o CMakeFiles/cmTC_6275f.dir/CheckSymbolExists.cxx.o -c /home/rhel/Liteon-ngKore_E/ninja/build-cmake/CMakeFiles/CMakeTmp/CheckSymbolExists.cxx
Linking CXX executable cmTC_6275f
/usr/bin/cmake -E cmake_link_script CMakeFiles/cmTC_6275f.dir/link.txt --verbose=1
/opt/rh/gcc-toolset-11/root/usr/bin/c++ CMakeFiles/cmTC_6275f.dir/CheckSymbolExists.cxx.o -o cmTC_6275f 
gmake[1]: Leaving directory '/home/rhel/Liteon-ngKore_E/ninja/build-cmake/CMakeFiles/CMakeTmp'


File /home/rhel/Liteon-ngKore_E/ninja/build-cmake/CMakeFiles/CMakeTmp/CheckSymbolExists.cxx:
/* */
#include <poll.h>

int main(int argc, char** argv)
{
  (void)argv;
#ifndef ppoll
  return ((int*)(&ppoll))[argc];
#else
  (void)argc;
  return 0;
#endif
}
Determining if the fork exist passed with the following output:
Change Dir: /home/rhel/Liteon-ngKore_E/ninja/build-cmake/CMakeFiles/CMakeTmp

Run Build Command(s):/opt/rh/gcc-toolset-11/root/usr/bin/gmake -f Makefile cmTC_5b5d4/fast && /opt/rh/gcc-toolset-11/root/usr/bin/gmake  -f CMakeFiles/cmTC_5b5d4.dir/build.make CMakeFiles/cmTC_5b5d4.dir/build
gmake[1]: Entering directory '/home/rhel/Liteon-ngKore_E/ninja/build-cmake/CMakeFiles/CMakeTmp'
Building CXX object CMakeFiles/cmTC_5b5d4.dir/CheckSymbolExists.cxx.o
/opt/rh/gcc-toolset-11/root/usr/bin/c++    -o CMakeFiles/cmTC_5b5d4.dir/CheckSymbolExists.cxx.o -c /home/rhel/Liteon-ngKore_E/ninja/build-cmake/CMakeFiles/CMakeTmp/CheckSymbolExists.cxx
Linking CXX executable cmTC_5b5d4
/usr/bin/cmake -E cmake_link_script CMakeFiles/cmTC_5b5d4.dir/link.txt --verbose=1
/opt/rh/gcc-toolset-11/root/usr/bin/c++ CMakeFiles/cmTC_5b5d4.dir/CheckSymbolExists.cxx.o -o cmTC_5b5d4 
gmake[1]: Leaving directory '/home/rhel/Liteon-ngKore_E/ninja/build-cmake/CMakeFiles/CMakeTmp'


File /home/rhel/Liteon-ngKore_E/ninja/build-cmake/CMakeFiles/CMakeTmp/CheckSymbolExists.cxx:
/* */
#include <unistd.h>

int main(int argc, char** argv)
{
  (void)argv;
#ifndef fork
  return ((int*)(&fork))[argc];
#else
  (void)argc;
  return 0;
#endif
}
Determining if the pipe exist passed with the following output:
Change Dir: /home/rhel/Liteon-ngKore_E/ninja/build-cmake/CMakeFiles/CMakeTmp

Run Build Command(s):/opt/rh/gcc-toolset-11/root/usr/bin/gmake -f Makefile cmTC_01be7/fast && /opt/rh/gcc-toolset-11/root/usr/bin/gmake  -f CMakeFiles/cmTC_01be7.dir/build.make CMakeFiles/cmTC_01be7.dir/build
gmake[1]: Entering directory '/home/rhel/Liteon-ngKore_E/ninja/build-cmake/CMakeFiles/CMakeTmp'
Building CXX object CMakeFiles/cmTC_01be7.dir/CheckSymbolExists.cxx.o
/opt/rh/gcc-toolset-11/root/usr/bin/c++    -o CMakeFiles/cmTC_01be7.dir/CheckSymbolExists.cxx.o -c /home/rhel/Liteon-ngKore_E/ninja/build-cmake/CMakeFiles/CMakeTmp/CheckSymbolExists.cxx
Linking CXX executable cmTC_01be7
/usr/bin/cmake -E cmake_link_script CMakeFiles/cmTC_01be7.dir/link.txt --verbose=1
/opt/rh/gcc-toolset-11/root/usr/bin/c++ CMakeFiles/cmTC_01be7.dir/CheckSymbolExists.cxx.o -o cmTC_01be7 
gmake[1]: Leaving directory '/home/rhel/Liteon-ngKore_E/ninja/build-cmake/CMakeFiles/CMakeTmp'


File /home/rhel/Liteon-ngKore_E/ninja/build-cmake/CMakeFiles/CMakeTmp/CheckSymbolExists.cxx:
/* */
#include <unistd.h>

int main(int argc, char** argv)
{
  (void)argv;
#ifndef pipe
  return ((int*)(&pipe))[argc];
#else
  (void)argc;
  return 0;
#endif
}
Compiling the C compiler identification source file "CMakeCCompilerId.c" succeeded.
Compiler: /opt/rh/gcc-toolset-11/root/usr/bin/cc 
Build flags: 
Id flags:  

The output was:
0


Compilation of the C compiler identification source "CMakeCCompilerId.c" produced "a.out"

The C compiler identification is GNU, found in "/home/rhel/Liteon-ngKore_E/ninja/build-cmake/CMakeFiles/3.20.2/CompilerIdC/a.out"

Detecting C compiler ABI info compiled with the following output:
Change Dir: /home/rhel/Liteon-ngKore_E/ninja/build-cmake/CMakeFiles/CMakeTmp

Run Build Command(s):/opt/rh/gcc-toolset-11/root/usr/bin/gmake -f Makefile cmTC_5b310/fast && /opt/rh/gcc-toolset-11/root/usr/bin/gmake  -f CMakeFiles/cmTC_5b310.dir/build.make CMakeFiles/cmTC_5b310.dir/build
gmake[1]: Entering directory '/home/rhel/Liteon-ngKore_E/ninja/build-cmake/CMakeFiles/CMakeTmp'
Building C object CMakeFiles/cmTC_5b310.dir/CMakeCCompilerABI.c.o
/opt/rh/gcc-toolset-11/root/usr/bin/cc   -v -o CMakeFiles/cmTC_5b310.dir/CMakeCCompilerABI.c.o -c /usr/share/cmake/Modules/CMakeCCompilerABI.c
Using built-in specs.
COLLECT_GCC=/opt/rh/gcc-toolset-11/root/usr/bin/cc
OFFLOAD_TARGET_NAMES=nvptx-none
OFFLOAD_TARGET_DEFAULT=1
Target: x86_64-redhat-linux
Configured with: ../configure --enable-bootstrap --enable-languages=c,c++,fortran,lto --prefix=/opt/rh/gcc-toolset-11/root/usr --mandir=/opt/rh/gcc-toolset-11/root/usr/share/man --infodir=/opt/rh/gcc-toolset-11/root/usr/share/info --with-bugurl=http://bugzilla.redhat.com/bugzilla --enable-shared --enable-threads=posix --enable-checking=release --enable-multilib --with-system-zlib --enable-__cxa_atexit --disable-libunwind-exceptions --enable-gnu-unique-object --enable-linker-build-id --with-gcc-major-version-only --with-linker-hash-style=gnu --enable-plugin --enable-initfini-array --with-isl=/builddir/build/BUILD/gcc-11.2.1-20220127/obj-x86_64-redhat-linux/isl-install --enable-offload-targets=nvptx-none --without-cuda-driver --enable-gnu-indirect-function --enable-cet --with-tune=generic --with-arch_32=x86-64 --build=x86_64-redhat-linux
Thread model: posix
Supported LTO compression algorithms: zlib zstd
gcc version 11.2.1 20220127 (Red Hat 11.2.1-9) (GCC) 
COLLECT_GCC_OPTIONS='-v' '-o' 'CMakeFiles/cmTC_5b310.dir/CMakeCCompilerABI.c.o' '-c' '-mtune=generic' '-march=x86-64' '-dumpdir' 'CMakeFiles/cmTC_5b310.dir/'
 /opt/rh/gcc-toolset-11/root/usr/libexec/gcc/x86_64-redhat-linux/11/cc1 -quiet -v /usr/share/cmake/Modules/CMakeCCompilerABI.c -quiet -dumpdir CMakeFiles/cmTC_5b310.dir/ -dumpbase CMakeCCompilerABI.c.c -dumpbase-ext .c -mtune=generic -march=x86-64 -version -o /tmp/cc49gJvM.s
GNU C17 (GCC) version 11.2.1 20220127 (Red Hat 11.2.1-9) (x86_64-redhat-linux)
	compiled by GNU C version 11.2.1 20220127 (Red Hat 11.2.1-9), GMP version 6.1.2, MPFR version 3.1.6-p2, MPC version 1.1.0, isl version isl-0.18-GMP

GGC heuristics: --param ggc-min-expand=100 --param ggc-min-heapsize=131072
ignoring nonexistent directory "/opt/rh/gcc-toolset-11/root/usr/lib/gcc/x86_64-redhat-linux/11/include-fixed"
ignoring nonexistent directory "/opt/rh/gcc-toolset-11/root/usr/lib/gcc/x86_64-redhat-linux/11/../../../../x86_64-redhat-linux/include"
#include "..." search starts here:
#include <...> search starts here:
 /opt/rh/gcc-toolset-11/root/usr/lib/gcc/x86_64-redhat-linux/11/include
 /usr/local/include
 /opt/rh/gcc-toolset-11/root/usr/include
 /usr/include
End of search list.
GNU C17 (GCC) version 11.2.1 20220127 (Red Hat 11.2.1-9) (x86_64-redhat-linux)
	compiled by GNU C version 11.2.1 20220127 (Red Hat 11.2.1-9), GMP version 6.1.2, MPFR version 3.1.6-p2, MPC version 1.1.0, isl version isl-0.18-GMP

GGC heuristics: --param ggc-min-expand=100 --param ggc-min-heapsize=131072
Compiler executable checksum: ee2145b6e72710db271ef16caaa2b0c5
COLLECT_GCC_OPTIONS='-v' '-o' 'CMakeFiles/cmTC_5b310.dir/CMakeCCompilerABI.c.o' '-c' '-mtune=generic' '-march=x86-64' '-dumpdir' 'CMakeFiles/cmTC_5b310.dir/'
 as -v --64 -o CMakeFiles/cmTC_5b310.dir/CMakeCCompilerABI.c.o /tmp/cc49gJvM.s
GNU assembler version 2.36.1 (x86_64-redhat-linux) using BFD version version 2.36.1-4.el8_6
COMPILER_PATH=/opt/rh/gcc-toolset-11/root/usr/libexec/gcc/x86_64-redhat-linux/11/:/opt/rh/gcc-toolset-11/root/usr/libexec/gcc/x86_64-redhat-linux/11/:/opt/rh/gcc-toolset-11/root/usr/libexec/gcc/x86_64-redhat-linux/:/opt/rh/gcc-toolset-11/root/usr/lib/gcc/x86_64-redhat-linux/11/:/opt/rh/gcc-toolset-11/root/usr/lib/gcc/x86_64-redhat-linux/
LIBRARY_PATH=/opt/rh/gcc-toolset-11/root/usr/lib/gcc/x86_64-redhat-linux/11/:/opt/rh/gcc-toolset-11/root/usr/lib/gcc/x86_64-redhat-linux/11/../../../../lib64/:/lib/../lib64/:/usr/lib/../lib64/:/opt/rh/gcc-toolset-11/root/usr/lib/gcc/x86_64-redhat-linux/11/../../../:/lib/:/usr/lib/
COLLECT_GCC_OPTIONS='-v' '-o' 'CMakeFiles/cmTC_5b310.dir/CMakeCCompilerABI.c.o' '-c' '-mtune=generic' '-march=x86-64' '-dumpdir' 'CMakeFiles/cmTC_5b310.dir/CMakeCCompilerABI.c.'
Linking C executable cmTC_5b310
/usr/bin/cmake -E cmake_link_script CMakeFiles/cmTC_5b310.dir/link.txt --verbose=1
/opt/rh/gcc-toolset-11/root/usr/bin/cc  -v -rdynamic CMakeFiles/cmTC_5b310.dir/CMakeCCompilerABI.c.o -o cmTC_5b310 
Using built-in specs.
COLLECT_GCC=/opt/rh/gcc-toolset-11/root/usr/bin/cc
COLLECT_LTO_WRAPPER=/opt/rh/gcc-toolset-11/root/usr/libexec/gcc/x86_64-redhat-linux/11/lto-wrapper
OFFLOAD_TARGET_NAMES=nvptx-none
OFFLOAD_TARGET_DEFAULT=1
Target: x86_64-redhat-linux
Configured with: ../configure --enable-bootstrap --enable-languages=c,c++,fortran,lto --prefix=/opt/rh/gcc-toolset-11/root/usr --mandir=/opt/rh/gcc-toolset-11/root/usr/share/man --infodir=/opt/rh/gcc-toolset-11/root/usr/share/info --with-bugurl=http://bugzilla.redhat.com/bugzilla --enable-shared --enable-threads=posix --enable-checking=release --enable-multilib --with-system-zlib --enable-__cxa_atexit --disable-libunwind-exceptions --enable-gnu-unique-object --enable-linker-build-id --with-gcc-major-version-only --with-linker-hash-style=gnu --enable-plugin --enable-initfini-array --with-isl=/builddir/build/BUILD/gcc-11.2.1-20220127/obj-x86_64-redhat-linux/isl-install --enable-offload-targets=nvptx-none --without-cuda-driver --enable-gnu-indirect-function --enable-cet --with-tune=generic --with-arch_32=x86-64 --build=x86_64-redhat-linux
Thread model: posix
Supported LTO compression algorithms: zlib zstd
gcc version 11.2.1 20220127 (Red Hat 11.2.1-9) (GCC) 
COMPILER_PATH=/opt/rh/gcc-toolset-11/root/usr/libexec/gcc/x86_64-redhat-linux/11/:/opt/rh/gcc-toolset-11/root/usr/libexec/gcc/x86_64-redhat-linux/11/:/opt/rh/gcc-toolset-11/root/usr/libexec/gcc/x86_64-redhat-linux/:/opt/rh/gcc-toolset-11/root/usr/lib/gcc/x86_64-redhat-linux/11/:/opt/rh/gcc-toolset-11/root/usr/lib/gcc/x86_64-redhat-linux/
LIBRARY_PATH=/opt/rh/gcc-toolset-11/root/usr/lib/gcc/x86_64-redhat-linux/11/:/opt/rh/gcc-toolset-11/root/usr/lib/gcc/x86_64-redhat-linux/11/../../../../lib64/:/lib/../lib64/:/usr/lib/../lib64/:/opt/rh/gcc-toolset-11/root/usr/lib/gcc/x86_64-redhat-linux/11/../../../:/lib/:/usr/lib/
COLLECT_GCC_OPTIONS='-v' '-rdynamic' '-o' 'cmTC_5b310' '-mtune=generic' '-march=x86-64' '-dumpdir' 'cmTC_5b310.'
 /opt/rh/gcc-toolset-11/root/usr/libexec/gcc/x86_64-redhat-linux/11/collect2 -plugin /opt/rh/gcc-toolset-11/root/usr/libexec/gcc/x86_64-redhat-linux/11/liblto_plugin.so -plugin-opt=/opt/rh/gcc-toolset-11/root/usr/libexec/gcc/x86_64-redhat-linux/11/lto-wrapper -plugin-opt=-fresolution=/tmp/ccYrq6JQ.res -plugin-opt=-pass-through=-lgcc -plugin-opt=-pass-through=-lgcc_s -plugin-opt=-pass-through=-lc -plugin-opt=-pass-through=-lgcc -plugin-opt=-pass-through=-lgcc_s --build-id --no-add-needed --eh-frame-hdr --hash-style=gnu -m elf_x86_64 -export-dynamic -dynamic-linker /lib64/ld-linux-x86-64.so.2 -o cmTC_5b310 /lib/../lib64/crt1.o /lib/../lib64/crti.o /opt/rh/gcc-toolset-11/root/usr/lib/gcc/x86_64-redhat-linux/11/crtbegin.o -L/opt/rh/gcc-toolset-11/root/usr/lib/gcc/x86_64-redhat-linux/11 -L/opt/rh/gcc-toolset-11/root/usr/lib/gcc/x86_64-redhat-linux/11/../../../../lib64 -L/lib/../lib64 -L/usr/lib/../lib64 -L/opt/rh/gcc-toolset-11/root/usr/lib/gcc/x86_64-redhat-linux/11/../../.. CMakeFiles/cmTC_5b310.dir/CMakeCCompilerABI.c.o -lgcc --push-state --as-needed -lgcc_s --pop-state -lc -lgcc --push-state --as-needed -lgcc_s --pop-state /opt/rh/gcc-toolset-11/root/usr/lib/gcc/x86_64-redhat-linux/11/crtend.o /lib/../lib64/crtn.o
COLLECT_GCC_OPTIONS='-v' '-rdynamic' '-o' 'cmTC_5b310' '-mtune=generic' '-march=x86-64' '-dumpdir' 'cmTC_5b310.'
gmake[1]: Leaving directory '/home/rhel/Liteon-ngKore_E/ninja/build-cmake/CMakeFiles/CMakeTmp'



Parsed C implicit include dir info from above output: rv=done
  found start of include info
  found start of implicit include info
    add: [/opt/rh/gcc-toolset-11/root/usr/lib/gcc/x86_64-redhat-linux/11/include]
    add: [/usr/local/include]
    add: [/opt/rh/gcc-toolset-11/root/usr/include]
    add: [/usr/include]
  end of search list found
  collapse include dir [/opt/rh/gcc-toolset-11/root/usr/lib/gcc/x86_64-redhat-linux/11/include] ==> [/opt/rh/gcc-toolset-11/root/usr/lib/gcc/x86_64-redhat-linux/11/include]
  collapse include dir [/usr/local/include] ==> [/usr/local/include]
  collapse include dir [/opt/rh/gcc-toolset-11/root/usr/include] ==> [/opt/rh/gcc-toolset-11/root/usr/include]
  collapse include dir [/usr/include] ==> [/usr/include]
  implicit include dirs: [/opt/rh/gcc-toolset-11/root/usr/lib/gcc/x86_64-redhat-linux/11/include;/usr/local/include;/opt/rh/gcc-toolset-11/root/usr/include;/usr/include]


Parsed C implicit link information from above output:
  link line regex: [^( *|.*[/\])(ld|CMAKE_LINK_STARTFILE-NOTFOUND|([^/\]+-)?ld|collect2)[^/\]*( |$)]
  ignore line: [Change Dir: /home/rhel/Liteon-ngKore_E/ninja/build-cmake/CMakeFiles/CMakeTmp]
  ignore line: []
  ignore line: [Run Build Command(s):/opt/rh/gcc-toolset-11/root/usr/bin/gmake -f Makefile cmTC_5b310/fast && /opt/rh/gcc-toolset-11/root/usr/bin/gmake  -f CMakeFiles/cmTC_5b310.dir/build.make CMakeFiles/cmTC_5b310.dir/build]
  ignore line: [gmake[1]: Entering directory '/home/rhel/Liteon-ngKore_E/ninja/build-cmake/CMakeFiles/CMakeTmp']
  ignore line: [Building C object CMakeFiles/cmTC_5b310.dir/CMakeCCompilerABI.c.o]
  ignore line: [/opt/rh/gcc-toolset-11/root/usr/bin/cc   -v -o CMakeFiles/cmTC_5b310.dir/CMakeCCompilerABI.c.o -c /usr/share/cmake/Modules/CMakeCCompilerABI.c]
  ignore line: [Using built-in specs.]
  ignore line: [COLLECT_GCC=/opt/rh/gcc-toolset-11/root/usr/bin/cc]
  ignore line: [OFFLOAD_TARGET_NAMES=nvptx-none]
  ignore line: [OFFLOAD_TARGET_DEFAULT=1]
  ignore line: [Target: x86_64-redhat-linux]
  ignore line: [Configured with: ../configure --enable-bootstrap --enable-languages=c c++ fortran lto --prefix=/opt/rh/gcc-toolset-11/root/usr --mandir=/opt/rh/gcc-toolset-11/root/usr/share/man --infodir=/opt/rh/gcc-toolset-11/root/usr/share/info --with-bugurl=http://bugzilla.redhat.com/bugzilla --enable-shared --enable-threads=posix --enable-checking=release --enable-multilib --with-system-zlib --enable-__cxa_atexit --disable-libunwind-exceptions --enable-gnu-unique-object --enable-linker-build-id --with-gcc-major-version-only --with-linker-hash-style=gnu --enable-plugin --enable-initfini-array --with-isl=/builddir/build/BUILD/gcc-11.2.1-20220127/obj-x86_64-redhat-linux/isl-install --enable-offload-targets=nvptx-none --without-cuda-driver --enable-gnu-indirect-function --enable-cet --with-tune=generic --with-arch_32=x86-64 --build=x86_64-redhat-linux]
  ignore line: [Thread model: posix]
  ignore line: [Supported LTO compression algorithms: zlib zstd]
  ignore line: [gcc version 11.2.1 20220127 (Red Hat 11.2.1-9) (GCC) ]
  ignore line: [COLLECT_GCC_OPTIONS='-v' '-o' 'CMakeFiles/cmTC_5b310.dir/CMakeCCompilerABI.c.o' '-c' '-mtune=generic' '-march=x86-64' '-dumpdir' 'CMakeFiles/cmTC_5b310.dir/']
  ignore line: [ /opt/rh/gcc-toolset-11/root/usr/libexec/gcc/x86_64-redhat-linux/11/cc1 -quiet -v /usr/share/cmake/Modules/CMakeCCompilerABI.c -quiet -dumpdir CMakeFiles/cmTC_5b310.dir/ -dumpbase CMakeCCompilerABI.c.c -dumpbase-ext .c -mtune=generic -march=x86-64 -version -o /tmp/cc49gJvM.s]
  ignore line: [GNU C17 (GCC) version 11.2.1 20220127 (Red Hat 11.2.1-9) (x86_64-redhat-linux)]
  ignore line: [	compiled by GNU C version 11.2.1 20220127 (Red Hat 11.2.1-9)  GMP version 6.1.2  MPFR version 3.1.6-p2  MPC version 1.1.0  isl version isl-0.18-GMP]
  ignore line: []
  ignore line: [GGC heuristics: --param ggc-min-expand=100 --param ggc-min-heapsize=131072]
  ignore line: [ignoring nonexistent directory "/opt/rh/gcc-toolset-11/root/usr/lib/gcc/x86_64-redhat-linux/11/include-fixed"]
  ignore line: [ignoring nonexistent directory "/opt/rh/gcc-toolset-11/root/usr/lib/gcc/x86_64-redhat-linux/11/../../../../x86_64-redhat-linux/include"]
  ignore line: [#include "..." search starts here:]
  ignore line: [#include <...> search starts here:]
  ignore line: [ /opt/rh/gcc-toolset-11/root/usr/lib/gcc/x86_64-redhat-linux/11/include]
  ignore line: [ /usr/local/include]
  ignore line: [ /opt/rh/gcc-toolset-11/root/usr/include]
  ignore line: [ /usr/include]
  ignore line: [End of search list.]
  ignore line: [GNU C17 (GCC) version 11.2.1 20220127 (Red Hat 11.2.1-9) (x86_64-redhat-linux)]
  ignore line: [	compiled by GNU C version 11.2.1 20220127 (Red Hat 11.2.1-9)  GMP version 6.1.2  MPFR version 3.1.6-p2  MPC version 1.1.0  isl version isl-0.18-GMP]
  ignore line: []
  ignore line: [GGC heuristics: --param ggc-min-expand=100 --param ggc-min-heapsize=131072]
  ignore line: [Compiler executable checksum: ee2145b6e72710db271ef16caaa2b0c5]
  ignore line: [COLLECT_GCC_OPTIONS='-v' '-o' 'CMakeFiles/cmTC_5b310.dir/CMakeCCompilerABI.c.o' '-c' '-mtune=generic' '-march=x86-64' '-dumpdir' 'CMakeFiles/cmTC_5b310.dir/']
  ignore line: [ as -v --64 -o CMakeFiles/cmTC_5b310.dir/CMakeCCompilerABI.c.o /tmp/cc49gJvM.s]
  ignore line: [GNU assembler version 2.36.1 (x86_64-redhat-linux) using BFD version version 2.36.1-4.el8_6]
  ignore line: [COMPILER_PATH=/opt/rh/gcc-toolset-11/root/usr/libexec/gcc/x86_64-redhat-linux/11/:/opt/rh/gcc-toolset-11/root/usr/libexec/gcc/x86_64-redhat-linux/11/:/opt/rh/gcc-toolset-11/root/usr/libexec/gcc/x86_64-redhat-linux/:/opt/rh/gcc-toolset-11/root/usr/lib/gcc/x86_64-redhat-linux/11/:/opt/rh/gcc-toolset-11/root/usr/lib/gcc/x86_64-redhat-linux/]
  ignore line: [LIBRARY_PATH=/opt/rh/gcc-toolset-11/root/usr/lib/gcc/x86_64-redhat-linux/11/:/opt/rh/gcc-toolset-11/root/usr/lib/gcc/x86_64-redhat-linux/11/../../../../lib64/:/lib/../lib64/:/usr/lib/../lib64/:/opt/rh/gcc-toolset-11/root/usr/lib/gcc/x86_64-redhat-linux/11/../../../:/lib/:/usr/lib/]
  ignore line: [COLLECT_GCC_OPTIONS='-v' '-o' 'CMakeFiles/cmTC_5b310.dir/CMakeCCompilerABI.c.o' '-c' '-mtune=generic' '-march=x86-64' '-dumpdir' 'CMakeFiles/cmTC_5b310.dir/CMakeCCompilerABI.c.']
  ignore line: [Linking C executable cmTC_5b310]
  ignore line: [/usr/bin/cmake -E cmake_link_script CMakeFiles/cmTC_5b310.dir/link.txt --verbose=1]
  ignore line: [/opt/rh/gcc-toolset-11/root/usr/bin/cc  -v -rdynamic CMakeFiles/cmTC_5b310.dir/CMakeCCompilerABI.c.o -o cmTC_5b310 ]
  ignore line: [Using built-in specs.]
  ignore line: [COLLECT_GCC=/opt/rh/gcc-toolset-11/root/usr/bin/cc]
  ignore line: [COLLECT_LTO_WRAPPER=/opt/rh/gcc-toolset-11/root/usr/libexec/gcc/x86_64-redhat-linux/11/lto-wrapper]
  ignore line: [OFFLOAD_TARGET_NAMES=nvptx-none]
  ignore line: [OFFLOAD_TARGET_DEFAULT=1]
  ignore line: [Target: x86_64-redhat-linux]
  ignore line: [Configured with: ../configure --enable-bootstrap --enable-languages=c c++ fortran lto --prefix=/opt/rh/gcc-toolset-11/root/usr --mandir=/opt/rh/gcc-toolset-11/root/usr/share/man --infodir=/opt/rh/gcc-toolset-11/root/usr/share/info --with-bugurl=http://bugzilla.redhat.com/bugzilla --enable-shared --enable-threads=posix --enable-checking=release --enable-multilib --with-system-zlib --enable-__cxa_atexit --disable-libunwind-exceptions --enable-gnu-unique-object --enable-linker-build-id --with-gcc-major-version-only --with-linker-hash-style=gnu --enable-plugin --enable-initfini-array --with-isl=/builddir/build/BUILD/gcc-11.2.1-20220127/obj-x86_64-redhat-linux/isl-install --enable-offload-targets=nvptx-none --without-cuda-driver --enable-gnu-indirect-function --enable-cet --with-tune=generic --with-arch_32=x86-64 --build=x86_64-redhat-linux]
  ignore line: [Thread model: posix]
  ignore line: [Supported LTO compression algorithms: zlib zstd]
  ignore line: [gcc version 11.2.1 20220127 (Red Hat 11.2.1-9) (GCC) ]
  ignore line: [COMPILER_PATH=/opt/rh/gcc-toolset-11/root/usr/libexec/gcc/x86_64-redhat-linux/11/:/opt/rh/gcc-toolset-11/root/usr/libexec/gcc/x86_64-redhat-linux/11/:/opt/rh/gcc-toolset-11/root/usr/libexec/gcc/x86_64-redhat-linux/:/opt/rh/gcc-toolset-11/root/usr/lib/gcc/x86_64-redhat-linux/11/:/opt/rh/gcc-toolset-11/root/usr/lib/gcc/x86_64-redhat-linux/]
  ignore line: [LIBRARY_PATH=/opt/rh/gcc-toolset-11/root/usr/lib/gcc/x86_64-redhat-linux/11/:/opt/rh/gcc-toolset-11/root/usr/lib/gcc/x86_64-redhat-linux/11/../../../../lib64/:/lib/../lib64/:/usr/lib/../lib64/:/opt/rh/gcc-toolset-11/root/usr/lib/gcc/x86_64-redhat-linux/11/../../../:/lib/:/usr/lib/]
  ignore line: [COLLECT_GCC_OPTIONS='-v' '-rdynamic' '-o' 'cmTC_5b310' '-mtune=generic' '-march=x86-64' '-dumpdir' 'cmTC_5b310.']
  link line: [ /opt/rh/gcc-toolset-11/root/usr/libexec/gcc/x86_64-redhat-linux/11/collect2 -plugin /opt/rh/gcc-toolset-11/root/usr/libexec/gcc/x86_64-redhat-linux/11/liblto_plugin.so -plugin-opt=/opt/rh/gcc-toolset-11/root/usr/libexec/gcc/x86_64-redhat-linux/11/lto-wrapper -plugin-opt=-fresolution=/tmp/ccYrq6JQ.res -plugin-opt=-pass-through=-lgcc -plugin-opt=-pass-through=-lgcc_s -plugin-opt=-pass-through=-lc -plugin-opt=-pass-through=-lgcc -plugin-opt=-pass-through=-lgcc_s --build-id --no-add-needed --eh-frame-hdr --hash-style=gnu -m elf_x86_64 -export-dynamic -dynamic-linker /lib64/ld-linux-x86-64.so.2 -o cmTC_5b310 /lib/../lib64/crt1.o /lib/../lib64/crti.o /opt/rh/gcc-toolset-11/root/usr/lib/gcc/x86_64-redhat-linux/11/crtbegin.o -L/opt/rh/gcc-toolset-11/root/usr/lib/gcc/x86_64-redhat-linux/11 -L/opt/rh/gcc-toolset-11/root/usr/lib/gcc/x86_64-redhat-linux/11/../../../../lib64 -L/lib/../lib64 -L/usr/lib/../lib64 -L/opt/rh/gcc-toolset-11/root/usr/lib/gcc/x86_64-redhat-linux/11/../../.. CMakeFiles/cmTC_5b310.dir/CMakeCCompilerABI.c.o -lgcc --push-state --as-needed -lgcc_s --pop-state -lc -lgcc --push-state --as-needed -lgcc_s --pop-state /opt/rh/gcc-toolset-11/root/usr/lib/gcc/x86_64-redhat-linux/11/crtend.o /lib/../lib64/crtn.o]
    arg [/opt/rh/gcc-toolset-11/root/usr/libexec/gcc/x86_64-redhat-linux/11/collect2] ==> ignore
    arg [-plugin] ==> ignore
    arg [/opt/rh/gcc-toolset-11/root/usr/libexec/gcc/x86_64-redhat-linux/11/liblto_plugin.so] ==> ignore
    arg [-plugin-opt=/opt/rh/gcc-toolset-11/root/usr/libexec/gcc/x86_64-redhat-linux/11/lto-wrapper] ==> ignore
    arg [-plugin-opt=-fresolution=/tmp/ccYrq6JQ.res] ==> ignore
    arg [-plugin-opt=-pass-through=-lgcc] ==> ignore
    arg [-plugin-opt=-pass-through=-lgcc_s] ==> ignore
    arg [-plugin-opt=-pass-through=-lc] ==> ignore
    arg [-plugin-opt=-pass-through=-lgcc] ==> ignore
    arg [-plugin-opt=-pass-through=-lgcc_s] ==> ignore
    arg [--build-id] ==> ignore
    arg [--no-add-needed] ==> ignore
    arg [--eh-frame-hdr] ==> ignore
    arg [--hash-style=gnu] ==> ignore
    arg [-m] ==> ignore
    arg [elf_x86_64] ==> ignore
    arg [-export-dynamic] ==> ignore
    arg [-dynamic-linker] ==> ignore
    arg [/lib64/ld-linux-x86-64.so.2] ==> ignore
    arg [-o] ==> ignore
    arg [cmTC_5b310] ==> ignore
    arg [/lib/../lib64/crt1.o] ==> obj [/lib/../lib64/crt1.o]
    arg [/lib/../lib64/crti.o] ==> obj [/lib/../lib64/crti.o]
    arg [/opt/rh/gcc-toolset-11/root/usr/lib/gcc/x86_64-redhat-linux/11/crtbegin.o] ==> obj [/opt/rh/gcc-toolset-11/root/usr/lib/gcc/x86_64-redhat-linux/11/crtbegin.o]
    arg [-L/opt/rh/gcc-toolset-11/root/usr/lib/gcc/x86_64-redhat-linux/11] ==> dir [/opt/rh/gcc-toolset-11/root/usr/lib/gcc/x86_64-redhat-linux/11]
    arg [-L/opt/rh/gcc-toolset-11/root/usr/lib/gcc/x86_64-redhat-linux/11/../../../../lib64] ==> dir [/opt/rh/gcc-toolset-11/root/usr/lib/gcc/x86_64-redhat-linux/11/../../../../lib64]
    arg [-L/lib/../lib64] ==> dir [/lib/../lib64]
    arg [-L/usr/lib/../lib64] ==> dir [/usr/lib/../lib64]
    arg [-L/opt/rh/gcc-toolset-11/root/usr/lib/gcc/x86_64-redhat-linux/11/../../..] ==> dir [/opt/rh/gcc-toolset-11/root/usr/lib/gcc/x86_64-redhat-linux/11/../../..]
    arg [CMakeFiles/cmTC_5b310.dir/CMakeCCompilerABI.c.o] ==> ignore
    arg [-lgcc] ==> lib [gcc]
    arg [--push-state] ==> ignore
    arg [--as-needed] ==> ignore
    arg [-lgcc_s] ==> lib [gcc_s]
    arg [--pop-state] ==> ignore
    arg [-lc] ==> lib [c]
    arg [-lgcc] ==> lib [gcc]
    arg [--push-state] ==> ignore
    arg [--as-needed] ==> ignore
    arg [-lgcc_s] ==> lib [gcc_s]
    arg [--pop-state] ==> ignore
    arg [/opt/rh/gcc-toolset-11/root/usr/lib/gcc/x86_64-redhat-linux/11/crtend.o] ==> obj [/opt/rh/gcc-toolset-11/root/usr/lib/gcc/x86_64-redhat-linux/11/crtend.o]
    arg [/lib/../lib64/crtn.o] ==> obj [/lib/../lib64/crtn.o]
  collapse obj [/lib/../lib64/crt1.o] ==> [/lib64/crt1.o]
  collapse obj [/lib/../lib64/crti.o] ==> [/lib64/crti.o]
  collapse obj [/lib/../lib64/crtn.o] ==> [/lib64/crtn.o]
  collapse library dir [/opt/rh/gcc-toolset-11/root/usr/lib/gcc/x86_64-redhat-linux/11] ==> [/opt/rh/gcc-toolset-11/root/usr/lib/gcc/x86_64-redhat-linux/11]
  collapse library dir [/opt/rh/gcc-toolset-11/root/usr/lib/gcc/x86_64-redhat-linux/11/../../../../lib64] ==> [/opt/rh/gcc-toolset-11/root/usr/lib64]
  collapse library dir [/lib/../lib64] ==> [/lib64]
  collapse library dir [/usr/lib/../lib64] ==> [/usr/lib64]
  collapse library dir [/opt/rh/gcc-toolset-11/root/usr/lib/gcc/x86_64-redhat-linux/11/../../..] ==> [/opt/rh/gcc-toolset-11/root/usr/lib]
  implicit libs: [gcc;gcc_s;c;gcc;gcc_s]
  implicit objs: [/lib64/crt1.o;/lib64/crti.o;/opt/rh/gcc-toolset-11/root/usr/lib/gcc/x86_64-redhat-linux/11/crtbegin.o;/opt/rh/gcc-toolset-11/root/usr/lib/gcc/x86_64-redhat-linux/11/crtend.o;/lib64/crtn.o]
  implicit dirs: [/opt/rh/gcc-toolset-11/root/usr/lib/gcc/x86_64-redhat-linux/11;/opt/rh/gcc-toolset-11/root/usr/lib64;/lib64;/usr/lib64;/opt/rh/gcc-toolset-11/root/usr/lib]
  implicit fwks: []


Determining if the include file pthread.h exists passed with the following output:
Change Dir: /home/rhel/Liteon-ngKore_E/ninja/build-cmake/CMakeFiles/CMakeTmp

Run Build Command(s):/opt/rh/gcc-toolset-11/root/usr/bin/gmake -f Makefile cmTC_b4198/fast && /opt/rh/gcc-toolset-11/root/usr/bin/gmake  -f CMakeFiles/cmTC_b4198.dir/build.make CMakeFiles/cmTC_b4198.dir/build
gmake[1]: Entering directory '/home/rhel/Liteon-ngKore_E/ninja/build-cmake/CMakeFiles/CMakeTmp'
Building C object CMakeFiles/cmTC_b4198.dir/CheckIncludeFile.c.o
/opt/rh/gcc-toolset-11/root/usr/bin/cc    -o CMakeFiles/cmTC_b4198.dir/CheckIncludeFile.c.o -c /home/rhel/Liteon-ngKore_E/ninja/build-cmake/CMakeFiles/CMakeTmp/CheckIncludeFile.c
Linking C executable cmTC_b4198
/usr/bin/cmake -E cmake_link_script CMakeFiles/cmTC_b4198.dir/link.txt --verbose=1
/opt/rh/gcc-toolset-11/root/usr/bin/cc -rdynamic CMakeFiles/cmTC_b4198.dir/CheckIncludeFile.c.o -o cmTC_b4198 
gmake[1]: Leaving directory '/home/rhel/Liteon-ngKore_E/ninja/build-cmake/CMakeFiles/CMakeTmp'



Determining if the function pthread_create exists in the pthread passed with the following output:
Change Dir: /home/rhel/Liteon-ngKore_E/ninja/build-cmake/CMakeFiles/CMakeTmp

Run Build Command(s):/opt/rh/gcc-toolset-11/root/usr/bin/gmake -f Makefile cmTC_9680d/fast && /opt/rh/gcc-toolset-11/root/usr/bin/gmake  -f CMakeFiles/cmTC_9680d.dir/build.make CMakeFiles/cmTC_9680d.dir/build
gmake[1]: Entering directory '/home/rhel/Liteon-ngKore_E/ninja/build-cmake/CMakeFiles/CMakeTmp'
Building C object CMakeFiles/cmTC_9680d.dir/CheckFunctionExists.c.o
/opt/rh/gcc-toolset-11/root/usr/bin/cc   -DCHECK_FUNCTION_EXISTS=pthread_create -o CMakeFiles/cmTC_9680d.dir/CheckFunctionExists.c.o -c /usr/share/cmake/Modules/CheckFunctionExists.c
Linking C executable cmTC_9680d
/usr/bin/cmake -E cmake_link_script CMakeFiles/cmTC_9680d.dir/link.txt --verbose=1
/opt/rh/gcc-toolset-11/root/usr/bin/cc  -DCHECK_FUNCTION_EXISTS=pthread_create -rdynamic CMakeFiles/cmTC_9680d.dir/CheckFunctionExists.c.o -o cmTC_9680d  -lpthread 
gmake[1]: Leaving directory '/home/rhel/Liteon-ngKore_E/ninja/build-cmake/CMakeFiles/CMakeTmp'



